cmd = play
play
sendLongReport.ret = 0
play http:\/\/mr5.douban.com\/201211151716\/1b9ece15002de6fc4b1cb42d1936bdd8\/view\/song\/small\/p384281.mp3 in another proc
new mpg321_proc.pid = 29852
new play_proc is None
cmd = info
info
cmd = ban
ban
sendShortReport.ret = 0
current mpg321 pid is 29852
stop at index: 0
play http:\/\/mr3.douban.com\/201211151716\/57ae249cd40e3c4fd018c5c0226c69eb\/view\/song\/small\/p447719.mp3 in another proc
new mpg321_proc.pid = 29919
new play_proc is None
cmd = info
info
cmd = skip
skip
sendShortReport.ret = 0
current mpg321 pid is 29919
stop at index: 1
play http:\/\/mr3.douban.com\/201211151716\/dcd6452b1dcdac105112f6e072162da9\/view\/song\/small\/p528265.mp3 in another proc
